0 info it worked if it ends with ok
1 verbose cli [ 'C:\\Program Files\\nodejs\\node.exe',
1 verbose cli   'C:\\Program Files\\nodejs\\node_modules\\npm\\bin\\npm-cli.js',
1 verbose cli   'start' ]
2 info using npm@3.10.10
3 info using node@v6.11.0
4 verbose run-script [ 'prestart', 'start', 'poststart' ]
5 info lifecycle demo-building-a-javascript-development-environment-api@1.0.0~prestart: demo-building-a-javascript-development-environment-api@1.0.0
6 verbose lifecycle demo-building-a-javascript-development-environment-api@1.0.0~prestart: unsafe-perm in lifecycle true
7 verbose lifecycle demo-building-a-javascript-development-environment-api@1.0.0~prestart: PATH: C:\Program Files\nodejs\node_modules\npm\bin\node-gyp-bin;E:\PROJECTS\React\demo-building-a-javascript-development-environment-api\node_modules\.bin;C:\ProgramData\Oracle\Java\javapath;C:\Program Files (x86)\NVIDIA Corporation\PhysX\Common;C:\WINDOWS\system32;C:\WINDOWS;C:\WINDOWS\System32\Wbem;C:\WINDOWS\System32\WindowsPowerShell\v1.0\;C:\Console-2.00b148-Beta_32bit\Console2;C:\Python27;D:\WORK\NodeJs\node_modules\node-gyp\bin;C:\Program Files\TortoiseSVN\bin;d:\MONGODB\bin\;C:\Program Files (x86)\Heroku\bin;C:\Program Files (x86)\git\cmd;E:\PROJECTS\Heroku\bin;e:\XAMPP\php;C:\ProgramData\ComposerSetup\bin;C:\Program Files\Liquid Technologies\Liquid Studio 2017\XmlDataBinder15\Redist15\cpp\win32\bin;C:\Program Files\Liquid Technologies\Liquid Studio 2017\XmlDataBinder15\Redist15\cpp\win64\bin;C:\Program Files (x86)\Skype\Phone\;C:\Program Files\PuTTY\;C:\Program Files\Git\cmd;C:\Program Files\nodejs\;C:\Program Files (x86)\Microsoft SQL Server\Client SDK\ODBC\130\Tools\Binn\;C:\Program Files (x86)\Microsoft SQL Server\140\Tools\Binn\;C:\Program Files (x86)\Microsoft SQL Server\140\DTS\Binn\;C:\Program Files (x86)\Microsoft SQL Server\140\Tools\Binn\ManagementStudio\;C:\Users\My PC\AppData\Local\Microsoft\WindowsApps;C:\Users\My PC\AppData\Roaming\Composer\vendor\bin;C:\Users\My PC\AppData\Roaming\npm
8 verbose lifecycle demo-building-a-javascript-development-environment-api@1.0.0~prestart: CWD: E:\PROJECTS\React\demo-building-a-javascript-development-environment-api
9 silly lifecycle demo-building-a-javascript-development-environment-api@1.0.0~prestart: Args: [ '/d /s /c',
9 silly lifecycle   'npm-run-all --parallel start-message generate-mock-data' ]
10 silly lifecycle demo-building-a-javascript-development-environment-api@1.0.0~prestart: Returned: code: 0  signal: null
11 info lifecycle demo-building-a-javascript-development-environment-api@1.0.0~start: demo-building-a-javascript-development-environment-api@1.0.0
12 verbose lifecycle demo-building-a-javascript-development-environment-api@1.0.0~start: unsafe-perm in lifecycle true
13 verbose lifecycle demo-building-a-javascript-development-environment-api@1.0.0~start: PATH: C:\Program Files\nodejs\node_modules\npm\bin\node-gyp-bin;E:\PROJECTS\React\demo-building-a-javascript-development-environment-api\node_modules\.bin;C:\ProgramData\Oracle\Java\javapath;C:\Program Files (x86)\NVIDIA Corporation\PhysX\Common;C:\WINDOWS\system32;C:\WINDOWS;C:\WINDOWS\System32\Wbem;C:\WINDOWS\System32\WindowsPowerShell\v1.0\;C:\Console-2.00b148-Beta_32bit\Console2;C:\Python27;D:\WORK\NodeJs\node_modules\node-gyp\bin;C:\Program Files\TortoiseSVN\bin;d:\MONGODB\bin\;C:\Program Files (x86)\Heroku\bin;C:\Program Files (x86)\git\cmd;E:\PROJECTS\Heroku\bin;e:\XAMPP\php;C:\ProgramData\ComposerSetup\bin;C:\Program Files\Liquid Technologies\Liquid Studio 2017\XmlDataBinder15\Redist15\cpp\win32\bin;C:\Program Files\Liquid Technologies\Liquid Studio 2017\XmlDataBinder15\Redist15\cpp\win64\bin;C:\Program Files (x86)\Skype\Phone\;C:\Program Files\PuTTY\;C:\Program Files\Git\cmd;C:\Program Files\nodejs\;C:\Program Files (x86)\Microsoft SQL Server\Client SDK\ODBC\130\Tools\Binn\;C:\Program Files (x86)\Microsoft SQL Server\140\Tools\Binn\;C:\Program Files (x86)\Microsoft SQL Server\140\DTS\Binn\;C:\Program Files (x86)\Microsoft SQL Server\140\Tools\Binn\ManagementStudio\;C:\Users\My PC\AppData\Local\Microsoft\WindowsApps;C:\Users\My PC\AppData\Roaming\Composer\vendor\bin;C:\Users\My PC\AppData\Roaming\npm
14 verbose lifecycle demo-building-a-javascript-development-environment-api@1.0.0~start: CWD: E:\PROJECTS\React\demo-building-a-javascript-development-environment-api
15 silly lifecycle demo-building-a-javascript-development-environment-api@1.0.0~start: Args: [ '/d /s /c', 'npm-run-all --parallel start-json-server' ]
16 verbose stack Error: kill ENOSYS
16 verbose stack     at exports._errnoException (util.js:1018:11)
16 verbose stack     at process.kill (internal/process.js:190:13)
16 verbose stack     at process.listener (C:\Program Files\nodejs\node_modules\npm\node_modules\npmlog\node_modules\gauge\node_modules\signal-exit\index.js:86:15)
16 verbose stack     at emitNone (events.js:91:20)
16 verbose stack     at process.emit (events.js:185:7)
16 verbose stack     at processEmit (C:\Program Files\nodejs\node_modules\npm\node_modules\npmlog\node_modules\gauge\node_modules\signal-exit\index.js:146:32)
16 verbose stack     at processEmit (C:\Program Files\nodejs\node_modules\npm\node_modules\npm-registry-client\node_modules\npmlog\node_modules\gauge\node_modules\signal-exit\index.js:146:32)
16 verbose stack     at Signal.wrap.onsignal (internal/process.js:217:44)
17 verbose cwd E:\PROJECTS\React\demo-building-a-javascript-development-environment-api
18 error Windows_NT 10.0.15063
19 error argv "C:\\Program Files\\nodejs\\node.exe" "C:\\Program Files\\nodejs\\node_modules\\npm\\bin\\npm-cli.js" "start"
20 error node v6.11.0
21 error npm  v3.10.10
22 error code ENOSYS
23 error errno ENOSYS
24 error syscall kill
25 error kill ENOSYS
26 error If you need help, you may report this error at:
26 error     <https://github.com/npm/npm/issues>
27 verbose exit [ 1, true ]
